<?xml version="1.0" encoding="UTF-8"?>
<!-- Generated by org.testng.reporters.JUnitReportReporter -->
<testsuite hostname="QDV04DARRO001" name="runner.RunCukesTest" tests="1" failures="0" timestamp="27 Nov 2015 20:54:32 GMT" time="122.249" errors="0">
  <testcase name="feature" time="122.249" classname="runner.RunCukesTest"/>
</testsuite> <!-- runner.RunCukesTest -->
