<?xml version="1.0" encoding="UTF-8"?>
<!-- Generated by org.testng.reporters.JUnitReportReporter -->
<testsuite hostname="QDV04DARRO001" name="runner.RunCukesTest" tests="8" failures="0" timestamp="27 Nov 2015 22:37:34 GMT" time="976.029" errors="0">
  <testcase name="feature" time="76.172" classname="runner.RunCukesTest"/>
  <testcase name="feature" time="19.410" classname="runner.RunCukesTest"/>
  <testcase name="feature" time="223.451" classname="runner.RunCukesTest"/>
  <testcase name="feature" time="55.178" classname="runner.RunCukesTest"/>
  <testcase name="feature" time="21.501" classname="runner.RunCukesTest"/>
  <testcase name="feature" time="413.026" classname="runner.RunCukesTest"/>
  <testcase name="feature" time="51.397" classname="runner.RunCukesTest"/>
  <testcase name="feature" time="115.894" classname="runner.RunCukesTest"/>
</testsuite> <!-- runner.RunCukesTest -->
