<?xml version="1.0" encoding="UTF-8"?>
<!-- Generated by org.testng.reporters.JUnitReportReporter -->
<testsuite hostname="QDV04DARRO001" name="runner.RunCukesTest" tests="6" failures="0" timestamp="27 Nov 2015 13:54:50 GMT" time="801.185" errors="0">
  <testcase name="feature" time="67.942" classname="runner.RunCukesTest"/>
  <testcase name="feature" time="386.223" classname="runner.RunCukesTest"/>
  <testcase name="feature" time="22.257" classname="runner.RunCukesTest"/>
  <testcase name="feature" time="221.095" classname="runner.RunCukesTest"/>
  <testcase name="feature" time="52.027" classname="runner.RunCukesTest"/>
  <testcase name="feature" time="51.641" classname="runner.RunCukesTest"/>
</testsuite> <!-- runner.RunCukesTest -->
