<?xml version="1.0" encoding="UTF-8"?>
<!-- Generated by org.testng.reporters.JUnitReportReporter -->
<testsuite hostname="QDV04DARRO001" name="runner.RunCukesTest" tests="1" failures="0" timestamp="26 Nov 2015 15:21:30 GMT" time="235.847" errors="0">
  <testcase name="feature" time="235.847" classname="runner.RunCukesTest"/>
</testsuite> <!-- runner.RunCukesTest -->
