<?xml version="1.0" encoding="UTF-8"?>
<!-- Generated by org.testng.reporters.JUnitReportReporter -->
<testsuite hostname="QDV04DARRO001" name="runner.RunCukesTest" tests="8" failures="0" timestamp="28 Nov 2015 18:14:07 GMT" time="1044.901" errors="0">
  <testcase name="feature" time="424.159" classname="runner.RunCukesTest"/>
  <testcase name="feature" time="240.740" classname="runner.RunCukesTest"/>
  <testcase name="feature" time="55.649" classname="runner.RunCukesTest"/>
  <testcase name="feature" time="120.696" classname="runner.RunCukesTest"/>
  <testcase name="feature" time="20.008" classname="runner.RunCukesTest"/>
  <testcase name="feature" time="49.416" classname="runner.RunCukesTest"/>
  <testcase name="feature" time="78.794" classname="runner.RunCukesTest"/>
  <testcase name="feature" time="55.439" classname="runner.RunCukesTest"/>
</testsuite> <!-- runner.RunCukesTest -->
