<?xml version="1.0" encoding="UTF-8"?>
<!-- Generated by org.testng.reporters.JUnitReportReporter -->
<testsuite hostname="QDV04DARRO001" name="runner.RunCukesTest" tests="1" failures="0" timestamp="26 Nov 2015 21:30:21 GMT" time="20.884" errors="0">
  <testcase name="feature" time="20.884" classname="runner.RunCukesTest"/>
</testsuite> <!-- runner.RunCukesTest -->
