<?xml version="1.0" encoding="UTF-8"?>
<!-- Generated by org.testng.reporters.JUnitReportReporter -->
<testsuite hostname="QDV04DARRO001" name="runner.RunCukesTest" tests="1" failures="0" timestamp="25 Nov 2015 18:11:14 GMT" time="296.789" errors="0">
  <testcase name="feature" time="296.789" classname="runner.RunCukesTest"/>
</testsuite> <!-- runner.RunCukesTest -->
