<?xml version="1.0" encoding="UTF-8"?>
<!-- Generated by org.testng.reporters.JUnitReportReporter -->
<testsuite hostname="QDV04DARRO001" name="runner.RunCukesTest" tests="1" failures="0" timestamp="24 Nov 2015 16:44:45 GMT" time="54.840" errors="0">
  <testcase name="feature" time="54.840" classname="runner.RunCukesTest"/>
</testsuite> <!-- runner.RunCukesTest -->
