<?xml version="1.0" encoding="UTF-8"?>
<!-- Generated by org.testng.reporters.JUnitReportReporter -->
<testsuite hostname="QDV04DARRO001" name="runner.RunCukesTest" tests="1" failures="0" timestamp="23 Nov 2015 18:26:12 GMT" time="655.707" errors="0">
  <testcase name="feature" time="655.707" classname="runner.RunCukesTest"/>
</testsuite> <!-- runner.RunCukesTest -->
